{
  "Cucumber Features": {
    "coverage": {
      "/home/ubuntu/workspace/dj-website/features/step_definitions/admin_dashboard_steps.rb": [

      ],
      "/home/ubuntu/workspace/dj-website/features/step_definitions/admin_login_steps.rb": [
        null,
        null,
        null,
        1,
        8,
        null,
        null,
        null,
        null,
        8,
        8,
        null,
        null,
        null,
        null,
        null,
        null,
        null,
        1,
        null,
        null,
        null,
        null,
        null,
        null,
        null,
        null,
        null,
        null,
        null,
        null,
        null,
        null,
        null,
        null,
        null,
        null
      ],
      "/home/ubuntu/workspace/dj-website/features/step_definitions/dj_portfolio_steps.rb": [

      ],
      "/home/ubuntu/workspace/dj-website/features/step_definitions/gig_req_steps.rb": [
        null,
        null,
        null,
        1,
        16,
        5,
        null,
        4,
        null,
        1,
        null,
        3,
        null,
        1,
        null,
        1,
        null,
        1,
        null,
        0,
        null,
        null,
        null,
        1,
        9,
        23,
        null,
        null,
        null,
        1,
        29,
        9,
        null,
        1,
        null,
        0,
        null,
        1,
        null,
        2,
        null,
        1,
        null,
        1,
        null,
        1,
        null,
        2,
        null,
        1,
        null,
        1,
        null,
        2,
        null,
        null,
        null,
        1,
        22,
        3,
        null,
        1,
        null,
        2,
        null,
        1,
        null,
        2,
        null,
        1,
        null,
        1,
        null,
        0,
        null,
        0,
        null,
        1,
        null,
        1,
        null,
        0,
        null,
        null,
        null,
        null,
        null,
        null,
        null,
        null,
        null,
        null,
        null,
        null,
        null,
        null,
        null
      ],
      "/home/ubuntu/workspace/dj-website/app/models/gig_request.rb": [
        1,
        null,
        null,
        null,
        1,
        11,
        null,
        null,
        1,
        1,
        1,
        1,
        1,
        null,
        1,
        1,
        1,
        1,
        1,
        1,
        1,
        null,
        1,
        null,
        1,
        69,
        69,
        69,
        null,
        null,
        null
      ],
      "/home/ubuntu/workspace/dj-website/app/models/welcome.rb": [
        1,
        1,
        null
      ],
      "/home/ubuntu/workspace/dj-website/app/models/user.rb": [
        1,
        1,
        0,
        0,
        0,
        0,
        0,
        0,
        0,
        null,
        null,
        null
      ],
      "/home/ubuntu/workspace/dj-website/app/models/dj_portfolio.rb": [
        1,
        1,
        1,
        1,
        1,
        null,
        1,
        null,
        1,
        45,
        null,
        null
      ],
      "/home/ubuntu/workspace/dj-website/app/uploaders/avatar_uploader.rb": [
        1,
        null,
        null,
        1,
        null,
        null,
        1,
        null,
        null,
        null,
        null,
        1,
        0,
        null,
        null,
        null,
        null,
        null,
        null,
        null,
        null,
        null,
        null,
        null,
        null,
        null,
        null,
        null,
        null,
        null,
        null,
        1,
        1,
        null,
        null,
        null,
        1,
        1,
        null,
        null,
        null,
        1,
        1,
        null,
        null,
        null,
        null,
        1,
        0,
        null,
        null,
        null,
        null,
        null,
        null,
        null,
        null
      ],
      "/home/ubuntu/workspace/dj-website/app/controllers/gig_requests_controller.rb": [
        1,
        1,
        1,
        1,
        null,
        null,
        null,
        null,
        null,
        1,
        5,
        5,
        null,
        0,
        null,
        null,
        null,
        null,
        null,
        5,
        0,
        0,
        null,
        5,
        null,
        null,
        null,
        5,
        0,
        5,
        0,
        null,
        5,
        null,
        null,
        null,
        null,
        null,
        null,
        null,
        1,
        3,
        null,
        null,
        null,
        1,
        5,
        5,
        null,
        null,
        null,
        1,
        null,
        null,
        null,
        null,
        1,
        5,
        null,
        null,
        null,
        null,
        null,
        5,
        5,
        4,
        2,
        null,
        6,
        3,
        null,
        null,
        null,
        null,
        null,
        null,
        null,
        null,
        1,
        1,
        1,
        2,
        1,
        null,
        0,
        0,
        null,
        null,
        null,
        null,
        null,
        null,
        1,
        0,
        0,
        0,
        0,
        null,
        null,
        null,
        1,
        1,
        1,
        1,
        1,
        null,
        null,
        1,
        1,
        1,
        1,
        1,
        null,
        null,
        1,
        1,
        null,
        null,
        1,
        0,
        0,
        0,
        null,
        null,
        1,
        null,
        1,
        null,
        11,
        null,
        11,
        null,
        null,
        null,
        1,
        6,
        null,
        null,
        1,
        null,
        null,
        null,
        null,
        null,
        null,
        null,
        null,
        null,
        null,
        null,
        null,
        null,
        null,
        null,
        null,
        null,
        null,
        null,
        null,
        null,
        null,
        null,
        null,
        null,
        null,
        null,
        null,
        null,
        null
      ],
      "/home/ubuntu/workspace/dj-website/app/controllers/application_controller.rb": [
        1,
        null,
        null,
        1,
        1,
        null,
        1,
        1,
        1,
        45,
        null,
        null,
        null,
        null,
        null,
        null
      ],
      "/home/ubuntu/workspace/dj-website/app/helpers/application_helper.rb": [
        1,
        1,
        48,
        null,
        null,
        1,
        0,
        0,
        null,
        null,
        null,
        null,
        1,
        0,
        null,
        null,
        null
      ],
      "/home/ubuntu/workspace/dj-website/app/helpers/dj_portfolios_helper.rb": [
        1,
        null
      ],
      "/home/ubuntu/workspace/dj-website/app/helpers/gig_requests_helper.rb": [
        1,
        null
      ],
      "/home/ubuntu/workspace/dj-website/app/helpers/home_helper.rb": [
        1,
        null
      ],
      "/home/ubuntu/workspace/dj-website/app/helpers/sessions_helper.rb": [
        1,
        null
      ],
      "/home/ubuntu/workspace/dj-website/app/helpers/welcome_helper.rb": [
        1,
        null
      ],
      "/home/ubuntu/workspace/dj-website/app/controllers/welcome_controller.rb": [
        1,
        1,
        1,
        6,
        null,
        1,
        null,
        null,
        1,
        null,
        null,
        null
      ],
      "/home/ubuntu/workspace/dj-website/app/controllers/dj_portfolios_controller.rb": [
        1,
        1,
        1,
        null,
        null,
        1,
        1,
        null,
        null,
        null,
        null,
        1,
        null,
        null,
        null,
        1,
        4,
        null,
        null,
        null,
        null,
        1,
        null,
        null,
        null,
        null,
        1,
        4,
        4,
        null,
        4,
        4,
        4,
        2,
        null,
        4,
        2,
        null,
        null,
        null,
        null,
        null,
        null,
        1,
        1,
        1,
        2,
        1,
        null,
        0,
        0,
        null,
        null,
        null,
        null,
        null,
        null,
        1,
        0,
        0,
        0,
        0,
        null,
        null,
        null,
        1,
        null,
        1,
        6,
        6,
        null,
        null,
        null,
        1,
        5,
        null,
        null
      ]
    },
    "timestamp": 1524623523
  },
  "RSpec": {
    "coverage": {
      "/home/ubuntu/workspace/dj-website/app/controllers/dj_portfolios_controller.rb": [
        1,
        1,
        1,
        null,
        null,
        1,
        1,
        null,
        null,
        null,
        null,
        1,
        null,
        null,
        null,
        1,
        1,
        null,
        null,
        null,
        null,
        1,
        null,
        null,
        null,
        null,
        1,
        5,
        5,
        null,
        5,
        5,
        6,
        3,
        null,
        4,
        2,
        null,
        null,
        null,
        null,
        null,
        null,
        1,
        3,
        3,
        6,
        3,
        null,
        0,
        0,
        null,
        null,
        null,
        null,
        null,
        null,
        1,
        2,
        2,
        4,
        2,
        null,
        null,
        null,
        1,
        null,
        1,
        7,
        7,
        null,
        null,
        null,
        1,
        8,
        null,
        null
      ],
      "/home/ubuntu/workspace/dj-website/app/controllers/application_controller.rb": [
        1,
        null,
        null,
        1,
        1,
        null,
        1,
        1,
        1,
        38,
        null,
        null,
        null,
        null,
        null,
        null
      ],
      "/home/ubuntu/workspace/dj-website/app/controllers/gig_requests_controller.rb": [
        1,
        1,
        1,
        1,
        null,
        null,
        null,
        null,
        null,
        1,
        2,
        2,
        null,
        0,
        null,
        null,
        null,
        null,
        null,
        2,
        0,
        0,
        null,
        2,
        null,
        null,
        null,
        2,
        0,
        2,
        0,
        null,
        2,
        null,
        null,
        null,
        null,
        null,
        null,
        null,
        1,
        1,
        null,
        null,
        null,
        1,
        1,
        1,
        null,
        null,
        null,
        1,
        null,
        null,
        null,
        null,
        1,
        5,
        null,
        null,
        null,
        null,
        null,
        5,
        5,
        6,
        3,
        null,
        4,
        2,
        null,
        null,
        null,
        null,
        null,
        null,
        null,
        null,
        1,
        4,
        4,
        8,
        4,
        null,
        0,
        0,
        null,
        null,
        null,
        null,
        null,
        null,
        1,
        2,
        2,
        4,
        2,
        null,
        null,
        null,
        1,
        1,
        1,
        1,
        1,
        null,
        null,
        1,
        1,
        1,
        1,
        1,
        null,
        null,
        1,
        1,
        null,
        null,
        1,
        1,
        1,
        1,
        null,
        null,
        1,
        null,
        1,
        null,
        13,
        null,
        13,
        null,
        null,
        null,
        1,
        9,
        null,
        null,
        1,
        null,
        null,
        null,
        null,
        null,
        null,
        null,
        null,
        null,
        null,
        null,
        null,
        null,
        null,
        null,
        null,
        null,
        null,
        null,
        null,
        null,
        null,
        null,
        null,
        null,
        null,
        null,
        null,
        null,
        null
      ],
      "/home/ubuntu/workspace/dj-website/app/controllers/home_controller.rb": [
        1,
        1,
        null,
        null
      ],
      "/home/ubuntu/workspace/dj-website/app/controllers/sessions_controller.rb": [
        1,
        1,
        1,
        0,
        0,
        null,
        null,
        1,
        1,
        1,
        null,
        null
      ],
      "/home/ubuntu/workspace/dj-website/app/controllers/welcome_controller.rb": [
        1,
        1,
        1,
        1,
        null,
        1,
        null,
        null,
        1,
        null,
        null,
        null
      ],
      "/home/ubuntu/workspace/dj-website/app/models/dj_portfolio.rb": [
        1,
        1,
        1,
        1,
        1,
        null,
        1,
        null,
        1,
        24,
        null,
        null
      ],
      "/home/ubuntu/workspace/dj-website/app/uploaders/avatar_uploader.rb": [
        1,
        null,
        null,
        1,
        null,
        null,
        1,
        null,
        null,
        null,
        null,
        1,
        0,
        null,
        null,
        null,
        null,
        null,
        null,
        null,
        null,
        null,
        null,
        null,
        null,
        null,
        null,
        null,
        null,
        null,
        null,
        1,
        1,
        null,
        null,
        null,
        1,
        1,
        null,
        null,
        null,
        1,
        1,
        null,
        null,
        null,
        null,
        1,
        0,
        null,
        null,
        null,
        null,
        null,
        null,
        null,
        null
      ],
      "/home/ubuntu/workspace/dj-website/app/models/gig_request.rb": [
        1,
        null,
        null,
        null,
        1,
        32,
        null,
        null,
        1,
        1,
        1,
        1,
        1,
        null,
        1,
        1,
        1,
        1,
        1,
        1,
        1,
        null,
        1,
        null,
        1,
        40,
        40,
        40,
        null,
        null,
        null
      ],
      "/home/ubuntu/workspace/dj-website/app/models/user.rb": [
        1,
        1,
        1,
        0,
        0,
        0,
        0,
        0,
        0,
        null,
        null,
        null
      ],
      "/home/ubuntu/workspace/dj-website/app/models/welcome.rb": [
        1,
        1,
        null
      ],
      "/home/ubuntu/workspace/dj-website/app/helpers/application_helper.rb": [
        0,
        0,
        0,
        0,
        null,
        0,
        0,
        0,
        0,
        null,
        0,
        null,
        0,
        0,
        0,
        null,
        0
      ],
      "/home/ubuntu/workspace/dj-website/app/helpers/home_helper.rb": [
        0,
        0
      ],
      "/home/ubuntu/workspace/dj-website/app/helpers/welcome_helper.rb": [
        0,
        0
      ],
      "/home/ubuntu/workspace/dj-website/app/helpers/sessions_helper.rb": [
        0,
        0
      ],
      "/home/ubuntu/workspace/dj-website/app/helpers/dj_portfolios_helper.rb": [
        0,
        0
      ],
      "/home/ubuntu/workspace/dj-website/app/helpers/gig_requests_helper.rb": [
        0,
        0
      ]
    },
    "timestamp": 1524630187
  }
}
